Mon Sep 21 15:12:54 2020 Running on host: node37.bme.utexas.edu
Mon Sep 21 15:12:54 2020 NEED QM Density Matrix: Executing Gaussian Opt and SP
Mon Sep 21 15:12:54 2020  Calling: /home/bdw2292/miniconda3/envs/p4env/bin/obminimize -ff MMFF94 methylamine.sdf >methylamine_OBOPT.pdb path = /home/bdw2292/poltype-poltype2-latest/Examples/MethylamineGeometryOptimizationOptions

A T O M   T Y P E S

IDX	TYPE	RING
1	8	NO
2	1	NO
3	5	NO
4	5	NO
5	5	NO
6	23	NO
7	23	NO

F O R M A L   C H A R G E S

IDX	CHARGE
1	0.000000
2	0.000000
3	0.000000
4	0.000000
5	0.000000
6	0.000000
7	0.000000

P A R T I A L   C H A R G E S

IDX	CHARGE
1	-0.990000
2	0.270000
3	0.000000
4	0.000000
5	0.000000
6	0.360000
7	0.360000

S E T T I N G   U P   C A L C U L A T I O N S

SETTING UP BOND CALCULATIONS...
SETTING UP ANGLE & STRETCH-BEND CALCULATIONS...
SETTING UP TORSION CALCULATIONS...
SETTING UP OOP CALCULATIONS...
SETTING UP VAN DER WAALS CALCULATIONS...
SETTING UP ELECTROSTATIC CALCULATIONS...

C O N J U G A T E   G R A D I E N T S

STEPS = 2500

STEP n     E(n)       E(n-1)    
--------------------------------
    1      -1.671      -1.543
   10      -1.695      -1.695
   20      -1.695      -1.695
   30      -1.695      -1.695
   40      -1.695      -1.695
   50      -1.695      -1.695
   60      -1.695      -1.695
   70      -1.695      -1.695
   80      -1.695      -1.695
   90      -1.695      -1.695
  100      -1.695      -1.695
  110      -1.695      -1.695
  120      -1.695      -1.695
  130      -1.695      -1.695
  140      -1.695      -1.695
  150      -1.695      -1.695
  160      -1.695      -1.695
  170      -1.695      -1.695
  180      -1.695      -1.695
  190      -1.695      -1.695
  200      -1.695      -1.695
  210      -1.695      -1.695
  220      -1.695      -1.695
  230      -1.695      -1.695
  240      -1.695      -1.695
  250      -1.695      -1.695
  260      -1.695      -1.695
  270      -1.695      -1.695
  280      -1.695      -1.695
  290      -1.695      -1.695
  300      -1.695      -1.695
  310      -1.695      -1.695
  320      -1.695      -1.695
  330      -1.695      -1.695
  340      -1.695      -1.695
  350      -1.695      -1.695
  360      -1.695      -1.695
  370      -1.695      -1.695
  380      -1.695      -1.695
  390      -1.695      -1.695
  400      -1.695      -1.695
  410      -1.695      -1.695
  420      -1.695      -1.695
  430      -1.695      -1.695
  440      -1.695      -1.695
  450      -1.695      -1.695
  460      -1.695      -1.695
  470      -1.695      -1.695
  480      -1.695      -1.695
  490      -1.695      -1.695
  500      -1.695      -1.695
  510      -1.695      -1.695
  520      -1.695      -1.695
  530      -1.695      -1.695
  540      -1.695      -1.695
  550      -1.695      -1.695
  560      -1.695      -1.695
  570      -1.695      -1.695
  580      -1.695      -1.695
  590      -1.695      -1.695
  600      -1.695      -1.695
  610      -1.695      -1.695
  620      -1.695      -1.695
  630      -1.695      -1.695
  640      -1.695      -1.695
  650      -1.695      -1.695
  660      -1.695      -1.695
  670      -1.695      -1.695
  680      -1.695      -1.695
  690      -1.695      -1.695
  700      -1.695      -1.695
  710      -1.695      -1.695
  720      -1.695      -1.695
  730      -1.695      -1.695
  740      -1.695      -1.695
  750      -1.695      -1.695
  760      -1.695      -1.695
  770      -1.695      -1.695
  780      -1.695      -1.695
  790      -1.695      -1.695
  800      -1.695      -1.695
  810      -1.695      -1.695
  820      -1.695      -1.695
  830      -1.695      -1.695
  840      -1.695      -1.695
  850      -1.695      -1.695
  860      -1.695      -1.695
  870      -1.695      -1.695
  880      -1.695      -1.695
  890      -1.695      -1.695
  900      -1.695      -1.695
  910      -1.695      -1.695
  920      -1.695      -1.695
  930      -1.695      -1.695
  940      -1.695      -1.695
  950      -1.695      -1.695
  960      -1.695      -1.695
  970      -1.695      -1.695
  980      -1.695      -1.695
  990      -1.695      -1.695
 1000      -1.695      -1.695
 1010      -1.695      -1.695
 1020      -1.695      -1.695
 1030      -1.695      -1.695
 1040      -1.695      -1.695
 1050      -1.695      -1.695
 1060      -1.695      -1.695
 1070      -1.695      -1.695
 1080      -1.695      -1.695
 1090      -1.695      -1.695
 1100      -1.695      -1.695
 1110      -1.695      -1.695
 1120      -1.695      -1.695
 1130      -1.695      -1.695
 1140      -1.695      -1.695
 1150      -1.695      -1.695
 1160      -1.695      -1.695
 1170      -1.695      -1.695
 1180      -1.695      -1.695
 1190      -1.695      -1.695
 1200      -1.695      -1.695
 1210      -1.695      -1.695
 1220      -1.695      -1.695
 1230      -1.695      -1.695
 1240      -1.695      -1.695
 1250      -1.695      -1.695
 1260      -1.695      -1.695
 1270      -1.695      -1.695
 1280      -1.695      -1.695
 1290      -1.695      -1.695
 1300      -1.695      -1.695
 1310      -1.695      -1.695
 1320      -1.695      -1.695
 1330      -1.695      -1.695
 1340      -1.695      -1.695
 1350      -1.695      -1.695
 1360      -1.695      -1.695
 1370      -1.695      -1.695
 1380      -1.695      -1.695
 1390      -1.695      -1.695
 1400      -1.695      -1.695
 1410      -1.695      -1.695
 1420      -1.695      -1.695
 1430      -1.695      -1.695
 1440      -1.695      -1.695
 1450      -1.695      -1.695
 1460      -1.695      -1.695
 1470      -1.695      -1.695
 1480      -1.695      -1.695
 1490      -1.695      -1.695
 1500      -1.695      -1.695
 1510      -1.695      -1.695
 1520      -1.695      -1.695
 1530      -1.695      -1.695
 1540      -1.695      -1.695
 1550      -1.695      -1.695
 1560      -1.695      -1.695
 1570      -1.695      -1.695
 1580      -1.695      -1.695
 1590      -1.695      -1.695
 1600      -1.695      -1.695
 1610      -1.695      -1.695
 1620      -1.695      -1.695
 1630      -1.695      -1.695
 1640      -1.695      -1.695
 1650      -1.695      -1.695
 1660      -1.695      -1.695
 1670      -1.695      -1.695
 1680      -1.695      -1.695
 1690      -1.695      -1.695
 1700      -1.695      -1.695
 1710      -1.695      -1.695
 1720      -1.695      -1.695
 1730      -1.695      -1.695
 1740      -1.695      -1.695
 1750      -1.695      -1.695
 1760      -1.695      -1.695
 1770      -1.695      -1.695
 1780      -1.695      -1.695
 1790      -1.695      -1.695
 1800      -1.695      -1.695
 1810      -1.695      -1.695
 1820      -1.695      -1.695
 1830      -1.695      -1.695
 1840      -1.695      -1.695
 1850      -1.695      -1.695
 1860      -1.695      -1.695
 1870      -1.695      -1.695
 1880      -1.695      -1.695
 1890      -1.695      -1.695
 1900      -1.695      -1.695
 1910      -1.695      -1.695
 1920      -1.695      -1.695
 1930      -1.695      -1.695
 1940      -1.695      -1.695
 1950      -1.695      -1.695
 1960      -1.695      -1.695
 1970      -1.695      -1.695
 1980      -1.695      -1.695
 1990      -1.695      -1.695
 2000      -1.695      -1.695
 2010      -1.695      -1.695
 2020      -1.695      -1.695
 2030      -1.695      -1.695
 2040      -1.695      -1.695
 2050      -1.695      -1.695
 2060      -1.695      -1.695
 2070      -1.695      -1.695
 2080      -1.695      -1.695
 2090      -1.695      -1.695
 2100      -1.695      -1.695
 2110      -1.695      -1.695
 2120      -1.695      -1.695
 2130      -1.695      -1.695
 2140      -1.695      -1.695
 2150      -1.695      -1.695
 2160      -1.695      -1.695
 2170      -1.695      -1.695
 2180      -1.695      -1.695
 2190      -1.695      -1.695
 2200      -1.695      -1.695
 2210      -1.695      -1.695
 2220      -1.695      -1.695
 2230      -1.695      -1.695
 2240      -1.695      -1.695
 2250      -1.695      -1.695
 2260      -1.695      -1.695
 2270      -1.695      -1.695
 2280      -1.695      -1.695
 2290      -1.695      -1.695
 2300      -1.695      -1.695
 2310      -1.695      -1.695
 2320      -1.695      -1.695
 2330      -1.695      -1.695
 2340      -1.695      -1.695
 2350      -1.695      -1.695
 2360      -1.695      -1.695
 2370      -1.695      -1.695
 2380      -1.695      -1.695
 2390      -1.695      -1.695
 2400      -1.695      -1.695
 2410      -1.695      -1.695
 2420      -1.695      -1.695
 2430      -1.695      -1.695
 2440      -1.695      -1.695
 2450      -1.695      -1.695
 2460      -1.695      -1.695
 2470      -1.695      -1.695
 2480      -1.695      -1.695
 2490      -1.695      -1.695
 2500      -1.695      -1.695
Time: 0.15seconds. Iterations per second: 16673.3
Mon Sep 21 15:12:54 2020 Calling: Psi4 Optimization
Mon Sep 21 15:12:54 2020  Calling: cd /home/bdw2292/poltype-poltype2-latest/Examples/MethylamineGeometryOptimizationOptions && psi4 methylamine-opt.psi4 methylamine-opt.log path = /home/bdw2292/poltype-poltype2-latest/Examples/MethylamineGeometryOptimizationOptions
Traceback (most recent call last):
  File "/home/bdw2292/miniconda3/envs/p4env/bin/psi4", line 287, in <module>
    exec(content)
  File "<string>", line 47
    scf_e,scf_wfn=freq(hf/6-311G*,return_wfn=True)
                               ^
SyntaxError: invalid syntax

During handling of the above exception, another exception occurred:

Traceback (most recent call last):
  File "/home/bdw2292/miniconda3/envs/p4env/bin/psi4", line 304, in <module>
    suspect_lineno = traceback.extract_tb(exc_traceback)[1].lineno - 1  # -1 for 0 indexing
IndexError: list index out of range
Mon Sep 21 15:12:55 2020 ERROR: cd /home/bdw2292/poltype-poltype2-latest/Examples/MethylamineGeometryOptimizationOptions && psi4 methylamine-opt.psi4 methylamine-opt.log path = /home/bdw2292/poltype-poltype2-latest/Examples/MethylamineGeometryOptimizationOptions
